[debug] [2022-09-16T15:18:02.506Z] ----------------------------------------------------------------------
[debug] [2022-09-16T15:18:02.509Z] Command:       C:\Program Files\nodejs\node.exe Z:\repo\PTCGM\functions\node_modules\firebase-tools\lib\bin\firebase.js emulators:start --import=./saved-data --export-on-exit=./saved-data
[debug] [2022-09-16T15:18:02.509Z] CLI Version:   11.2.0
[debug] [2022-09-16T15:18:02.510Z] Platform:      win32
[debug] [2022-09-16T15:18:02.510Z] Node Version:  v16.13.2
[debug] [2022-09-16T15:18:02.513Z] Time:          Fri Sep 16 2022 17:18:02 GMT+0200 (czas środkowoeuropejski letni)
[debug] [2022-09-16T15:18:02.514Z] ----------------------------------------------------------------------
[debug] 
[debug] [2022-09-16T15:18:02.519Z] >>> [apiv2][query] GET https://firebase-public.firebaseio.com/cli.json [none]
[debug] [2022-09-16T15:18:02.639Z] > command requires scopes: ["email","openid","https://www.googleapis.com/auth/cloudplatformprojects.readonly","https://www.googleapis.com/auth/firebase","https://www.googleapis.com/auth/cloud-platform"]
[debug] [2022-09-16T15:18:02.639Z] > authorizing via signed-in user (szymanskiadam111@gmail.com)
[debug] [2022-09-16T15:18:02.977Z] java version "18.0.1.1" 2022-04-22

[debug] [2022-09-16T15:18:02.978Z] Java(TM) SE Runtime Environment (build 18.0.1.1+2-6)
Java HotSpot(TM) 64-Bit Server VM (build 18.0.1.1+2-6, mixed mode, sharing)

[debug] [2022-09-16T15:18:02.997Z] <<< [apiv2][status] GET https://firebase-public.firebaseio.com/cli.json 200
[debug] [2022-09-16T15:18:02.997Z] <<< [apiv2][body] GET https://firebase-public.firebaseio.com/cli.json {"cloudBuildErrorAfter":1594252800000,"cloudBuildWarnAfter":1590019200000,"defaultNode10After":1594252800000,"minVersion":"3.0.5","node8DeploysDisabledAfter":1613390400000,"node8RuntimeDisabledAfter":1615809600000,"node8WarnAfter":1600128000000}
[debug] [2022-09-16T15:18:03.007Z] Parsed Java major version: 18
[info] i  emulators: Starting emulators: functions, firestore {"metadata":{"emulator":{"name":"hub"},"message":"Starting emulators: functions, firestore"}}
[debug] [2022-09-16T15:18:03.020Z] [hub] writing locator at C:\Users\szyma\AppData\Local\Temp\hub-ptcg-marketpla.json
[warn] !  functions: The following emulators are not running, calls to these services from the Functions emulator will affect production: auth, database, hosting, pubsub, storage {"metadata":{"emulator":{"name":"functions"},"message":"The following emulators are not running, calls to these services from the Functions emulator will affect production: \u001b[1mauth, database, hosting, pubsub, storage\u001b[22m"}}
[info] +  functions: Using node@16 from host. {"metadata":{"emulator":{"name":"functions"},"message":"Using node@16 from host."}}
[debug] [2022-09-16T15:18:05.100Z] defaultcredentials: writing to file C:\Users\szyma\AppData\Roaming\firebase\szymanskiadam111_gmail_com_application_default_credentials.json
[debug] [2022-09-16T15:18:05.102Z] Setting GAC to C:\Users\szyma\AppData\Roaming\firebase\szymanskiadam111_gmail_com_application_default_credentials.json {"metadata":{"emulator":{"name":"functions"},"message":"Setting GAC to C:\\Users\\szyma\\AppData\\Roaming\\firebase\\szymanskiadam111_gmail_com_application_default_credentials.json"}}
[debug] [2022-09-16T15:18:05.103Z] > refreshing access token with scopes: []
[debug] [2022-09-16T15:18:05.104Z] >>> [apiv2][query] POST https://www.googleapis.com/oauth2/v3/token [none]
[debug] [2022-09-16T15:18:05.104Z] >>> [apiv2][body] POST https://www.googleapis.com/oauth2/v3/token [omitted]
[debug] [2022-09-16T15:18:05.265Z] <<< [apiv2][status] POST https://www.googleapis.com/oauth2/v3/token 200
[debug] [2022-09-16T15:18:05.266Z] <<< [apiv2][body] POST https://www.googleapis.com/oauth2/v3/token [omitted]
[debug] [2022-09-16T15:18:05.274Z] >>> [apiv2][query] GET https://firebase.googleapis.com/v1beta1/projects/ptcg-marketpla/adminSdkConfig [none]
[debug] [2022-09-16T15:18:05.825Z] <<< [apiv2][status] GET https://firebase.googleapis.com/v1beta1/projects/ptcg-marketpla/adminSdkConfig 200
[debug] [2022-09-16T15:18:05.825Z] <<< [apiv2][body] GET https://firebase.googleapis.com/v1beta1/projects/ptcg-marketpla/adminSdkConfig {"projectId":"ptcg-marketpla","storageBucket":"ptcg-marketpla.appspot.com","locationId":"europe-west"}
[debug] [2022-09-16T15:18:07.881Z] Ignoring unsupported arg: projectId {"metadata":{"emulator":{"name":"firestore"},"message":"Ignoring unsupported arg: projectId"}}
[debug] [2022-09-16T15:18:07.881Z] Ignoring unsupported arg: auto_download {"metadata":{"emulator":{"name":"firestore"},"message":"Ignoring unsupported arg: auto_download"}}
[debug] [2022-09-16T15:18:07.881Z] Starting Firestore Emulator with command {"binary":"java","args":["-Dgoogle.cloud_firestore.debug_log_level=FINE","-Duser.language=en","-jar","C:\\Users\\szyma\\.cache\\firebase\\emulators\\cloud-firestore-emulator-v1.14.3.jar","--host","192.168.0.106","--port",8080,"--rules","Z:\\repo\\PTCGM\\firestore.rules","--functions_emulator","192.168.0.106:5001"],"optionalArgs":["port","webchannel_port","host","rules","functions_emulator","seed_from_export"],"joinArgs":false} {"metadata":{"emulator":{"name":"firestore"},"message":"Starting Firestore Emulator with command {\"binary\":\"java\",\"args\":[\"-Dgoogle.cloud_firestore.debug_log_level=FINE\",\"-Duser.language=en\",\"-jar\",\"C:\\\\Users\\\\szyma\\\\.cache\\\\firebase\\\\emulators\\\\cloud-firestore-emulator-v1.14.3.jar\",\"--host\",\"192.168.0.106\",\"--port\",8080,\"--rules\",\"Z:\\\\repo\\\\PTCGM\\\\firestore.rules\",\"--functions_emulator\",\"192.168.0.106:5001\"],\"optionalArgs\":[\"port\",\"webchannel_port\",\"host\",\"rules\",\"functions_emulator\",\"seed_from_export\"],\"joinArgs\":false}"}}
[info] i  firestore: Firestore Emulator logging to firestore-debug.log {"metadata":{"emulator":{"name":"firestore"},"message":"Firestore Emulator logging to \u001b[1mfirestore-debug.log\u001b[22m"}}
[debug] [2022-09-16T15:18:10.711Z] Ignoring unsupported arg: auto_download {"metadata":{"emulator":{"name":"ui"},"message":"Ignoring unsupported arg: auto_download"}}
[debug] [2022-09-16T15:18:10.712Z] Ignoring unsupported arg: port {"metadata":{"emulator":{"name":"ui"},"message":"Ignoring unsupported arg: port"}}
[debug] [2022-09-16T15:18:10.712Z] Starting Emulator UI with command {"binary":"node","args":["--dns-result-order=ipv4first","C:\\Users\\szyma\\.cache\\firebase\\emulators\\ui-v1.7.0\\server.bundle.js"],"optionalArgs":[],"joinArgs":false} {"metadata":{"emulator":{"name":"ui"},"message":"Starting Emulator UI with command {\"binary\":\"node\",\"args\":[\"--dns-result-order=ipv4first\",\"C:\\\\Users\\\\szyma\\\\.cache\\\\firebase\\\\emulators\\\\ui-v1.7.0\\\\server.bundle.js\"],\"optionalArgs\":[],\"joinArgs\":false}"}}
[info] i  ui: Emulator UI logging to ui-debug.log {"metadata":{"emulator":{"name":"ui"},"message":"Emulator UI logging to \u001b[1mui-debug.log\u001b[22m"}}
[debug] [2022-09-16T15:18:10.898Z] Web / API server started at localhost:4000
 {"metadata":{"emulator":{"name":"ui"},"message":"Web / API server started at localhost:4000\n"}}
[info] i  functions: Watching "Z:\repo\PTCGM\functions" for Cloud Functions... {"metadata":{"emulator":{"name":"functions"},"message":"Watching \"Z:\\repo\\PTCGM\\functions\" for Cloud Functions..."}}
[debug] [2022-09-16T15:18:10.995Z] Validating nodejs source
[warn] !  functions: package.json indicates an outdated version of firebase-functions. Please upgrade using npm install --save firebase-functions@latest in your functions directory. 
[debug] [2022-09-16T15:18:15.187Z] > [functions] package.json contents: {
  "name": "functions",
  "description": "Cloud Functions for Firebase",
  "scripts": {
    "serve": "firebase emulators:start --import=./saved-data --export-on-exit=./saved-data",
    "shell": "firebase functions:shell",
    "start": "npm run shell",
    "deploy": "firebase deploy --only functions",
    "logs": "firebase functions:log"
  },
  "engines": {
    "node": "16"
  },
  "main": "index.js",
  "dependencies": {
    "@google-cloud/logging": "^9.7.0",
    "cors": "^2.8.5",
    "express": "^4.17.3",
    "firebase": "^9.8.4",
    "firebase-admin": "^9.8.0",
    "firebase-functions": "^3.19.0",
    "firebase-tools": "^11.2.0",
    "node-fetch": "^3.2.3",
    "request": "^2.88.2",
    "stripe": "^8.214.0"
  },
  "devDependencies": {
    "firebase-functions-test": "^0.2.0"
  },
  "private": true
}
[debug] [2022-09-16T15:18:15.187Z] Building nodejs source
[debug] [2022-09-16T15:18:15.187Z] Analyzing nodejs backend spec
[debug] [2022-09-16T15:18:15.189Z] Could not find functions.yaml. Must use http discovery
[debug] [2022-09-16T15:18:15.597Z] Serving at port 9005

[debug] [2022-09-16T15:18:16.247Z] Got response from /__/functions.yaml {"endpoints":{"createStripeAccount":{"platform":"gcfv1","labels":{},"callableTrigger":{},"entryPoint":"createStripeAccount"},"linkStripeAccount":{"platform":"gcfv1","labels":{},"callableTrigger":{},"entryPoint":"linkStripeAccount"},"loginStripeLink":{"platform":"gcfv1","labels":{},"callableTrigger":{},"entryPoint":"loginStripeLink"},"fetchStripeAccount":{"platform":"gcfv1","labels":{},"callableTrigger":{},"entryPoint":"fetchStripeAccount"},"useReferralCode":{"platform":"gcfv1","labels":{},"callableTrigger":{},"entryPoint":"useReferralCode"},"overWriteUserDocs":{"platform":"gcfv1","labels":{},"callableTrigger":{},"entryPoint":"overWriteUserDocs"},"calculateDiscount":{"platform":"gcfv1","labels":{},"callableTrigger":{},"entryPoint":"calculateDiscount"},"paymentSheet":{"platform":"gcfv1","labels":{},"callableTrigger":{},"entryPoint":"paymentSheet"},"stripeWebhooks":{"platform":"gcfv1","httpsTrigger":{},"entryPoint":"stripeWebhooks"},"validateOffersStatus":{"platform":"gcfv1","scheduleTrigger":{"schedule":"every 10 minutes"},"labels":{},"entryPoint":"validateOffersStatus"},"deleteExpiredTransactions":{"platform":"gcfv1","scheduleTrigger":{"schedule":"every 10 minutes"},"labels":{},"entryPoint":"deleteExpiredTransactions"}},"specVersion":"v1alpha1","requiredAPIs":[{"api":"cloudscheduler.googleapis.com","reason":"Needed for scheduled functions."}]}
[debug] [2022-09-16T15:18:16.258Z] shutdown requested via /__/quitquitquit

[info] +  functions[us-central1-createStripeAccount]: http function initialized (http://192.168.0.106:5001/ptcg-marketpla/us-central1/createStripeAccount). {"metadata":{"emulator":{"name":"functions"},"message":"\u001b[1mhttp\u001b[22m function initialized (http://192.168.0.106:5001/ptcg-marketpla/us-central1/createStripeAccount)."}}
[info] +  functions[us-central1-linkStripeAccount]: http function initialized (http://192.168.0.106:5001/ptcg-marketpla/us-central1/linkStripeAccount). {"metadata":{"emulator":{"name":"functions"},"message":"\u001b[1mhttp\u001b[22m function initialized (http://192.168.0.106:5001/ptcg-marketpla/us-central1/linkStripeAccount)."}}
[info] +  functions[us-central1-loginStripeLink]: http function initialized (http://192.168.0.106:5001/ptcg-marketpla/us-central1/loginStripeLink). {"metadata":{"emulator":{"name":"functions"},"message":"\u001b[1mhttp\u001b[22m function initialized (http://192.168.0.106:5001/ptcg-marketpla/us-central1/loginStripeLink)."}}
[info] +  functions[us-central1-fetchStripeAccount]: http function initialized (http://192.168.0.106:5001/ptcg-marketpla/us-central1/fetchStripeAccount). {"metadata":{"emulator":{"name":"functions"},"message":"\u001b[1mhttp\u001b[22m function initialized (http://192.168.0.106:5001/ptcg-marketpla/us-central1/fetchStripeAccount)."}}
[info] +  functions[us-central1-useReferralCode]: http function initialized (http://192.168.0.106:5001/ptcg-marketpla/us-central1/useReferralCode). {"metadata":{"emulator":{"name":"functions"},"message":"\u001b[1mhttp\u001b[22m function initialized (http://192.168.0.106:5001/ptcg-marketpla/us-central1/useReferralCode)."}}
[info] +  functions[us-central1-overWriteUserDocs]: http function initialized (http://192.168.0.106:5001/ptcg-marketpla/us-central1/overWriteUserDocs). {"metadata":{"emulator":{"name":"functions"},"message":"\u001b[1mhttp\u001b[22m function initialized (http://192.168.0.106:5001/ptcg-marketpla/us-central1/overWriteUserDocs)."}}
[info] +  functions[us-central1-calculateDiscount]: http function initialized (http://192.168.0.106:5001/ptcg-marketpla/us-central1/calculateDiscount). {"metadata":{"emulator":{"name":"functions"},"message":"\u001b[1mhttp\u001b[22m function initialized (http://192.168.0.106:5001/ptcg-marketpla/us-central1/calculateDiscount)."}}
[info] +  functions[us-central1-paymentSheet]: http function initialized (http://192.168.0.106:5001/ptcg-marketpla/us-central1/paymentSheet). {"metadata":{"emulator":{"name":"functions"},"message":"\u001b[1mhttp\u001b[22m function initialized (http://192.168.0.106:5001/ptcg-marketpla/us-central1/paymentSheet)."}}
[info] +  functions[us-central1-stripeWebhooks]: http function initialized (http://192.168.0.106:5001/ptcg-marketpla/us-central1/stripeWebhooks). {"metadata":{"emulator":{"name":"functions"},"message":"\u001b[1mhttp\u001b[22m function initialized (http://192.168.0.106:5001/ptcg-marketpla/us-central1/stripeWebhooks)."}}
[info] i  functions[us-central1-validateOffersStatus]: function ignored because the pubsub emulator does not exist or is not running. {"metadata":{"emulator":{"name":"functions"},"message":"function ignored because the pubsub emulator does not exist or is not running."}}
[info] i  functions[us-central1-deleteExpiredTransactions]: function ignored because the pubsub emulator does not exist or is not running. {"metadata":{"emulator":{"name":"functions"},"message":"function ignored because the pubsub emulator does not exist or is not running."}}
[info] 
┌─────────────────────────────────────────────────────────────┐
│ ✔  All emulators ready! It is now safe to connect your app. │
│ i  View Emulator UI at http://localhost:4000                │
└─────────────────────────────────────────────────────────────┘

┌───────────┬────────────────────┬─────────────────────────────────┐
│ Emulator  │ Host:Port          │ View in Emulator UI             │
├───────────┼────────────────────┼─────────────────────────────────┤
│ Functions │ 192.168.0.106:5001 │ http://localhost:4000/functions │
├───────────┼────────────────────┼─────────────────────────────────┤
│ Firestore │ 192.168.0.106:8080 │ http://localhost:4000/firestore │
└───────────┴────────────────────┴─────────────────────────────────┘
  Emulator Hub running at localhost:4400
  Other reserved ports: 4500

Issues? Report them at https://github.com/firebase/firebase-tools/issues and attach the *-debug.log files.
 
[debug] [2022-09-16T15:29:00.385Z] File Z:\repo\PTCGM\functions\package.json changed, reloading triggers {"metadata":{"emulator":{"name":"functions"},"message":"File Z:\\repo\\PTCGM\\functions\\package.json changed, reloading triggers"}}
[debug] [2022-09-16T15:29:01.387Z] Validating nodejs source
[warn] !  functions: package.json indicates an outdated version of firebase-functions. Please upgrade using npm install --save firebase-functions@latest in your functions directory. 
[debug] [2022-09-16T15:29:06.396Z] > [functions] package.json contents: {
  "name": "functions",
  "description": "Cloud Functions for Firebase",
  "scripts": {
    "serve": "firebase emulators:start --import=./saved-data --export-on-exit=./saved-data",
    "shell": "firebase functions:shell",
    "start": "npm run shell",
    "deploy": "firebase deploy --only functions",
    "logs": "firebase functions:log"
  },
  "engines": {
    "node": "16"
  },
  "main": "index.js",
  "dependencies": {
    "@google-cloud/logging": "^9.7.0",
    "cors": "^2.8.5",
    "express": "^4.17.3",
    "firebase": "^9.8.4",
    "firebase-admin": "^9.8.0",
    "firebase-functions": "^3.19.0",
    "firebase-tools": "^11.2.0",
    "node-fetch": "^3.2.3",
    "request": "^2.88.2",
    "stripe": "^8.214.0"
  },
  "devDependencies": {
    "firebase-functions-test": "^0.2.0"
  },
  "private": true
}
[debug] [2022-09-16T15:29:06.397Z] Building nodejs source
[debug] [2022-09-16T15:29:06.397Z] Analyzing nodejs backend spec
[debug] [2022-09-16T15:29:06.398Z] Could not find functions.yaml. Must use http discovery
[debug] [2022-09-16T15:29:06.415Z] File Z:\repo\PTCGM\functions\package.json changed, reloading triggers {"metadata":{"emulator":{"name":"functions"},"message":"File Z:\\repo\\PTCGM\\functions\\package.json changed, reloading triggers"}}
[debug] [2022-09-16T15:29:06.781Z] Serving at port 9005

[debug] [2022-09-16T15:29:07.432Z] Validating nodejs source
[warn] !  functions: package.json indicates an outdated version of firebase-functions. Please upgrade using npm install --save firebase-functions@latest in your functions directory. 
[debug] [2022-09-16T15:29:10.988Z] > [functions] package.json contents: {
  "name": "functions",
  "description": "Cloud Functions for Firebase",
  "scripts": {
    "serve": "firebase emulators:start --import=./saved-data --export-on-exit=./saved-data",
    "shell": "firebase functions:shell",
    "start": "npm run shell",
    "deploy": "firebase deploy --only functions",
    "logs": "firebase functions:log"
  },
  "engines": {
    "node": "16"
  },
  "main": "index.js",
  "dependencies": {
    "@google-cloud/logging": "^9.7.0",
    "cors": "^2.8.5",
    "express": "^4.17.3",
    "firebase": "^9.8.4",
    "firebase-admin": "^9.8.0",
    "firebase-functions": "^3.19.0",
    "firebase-tools": "^11.2.0",
    "node-fetch": "^3.2.3",
    "request": "^2.88.2",
    "stripe": "^8.214.0"
  },
  "devDependencies": {
    "firebase-functions-test": "^0.2.0"
  },
  "private": true
}
[debug] [2022-09-16T15:29:10.988Z] Building nodejs source
[debug] [2022-09-16T15:29:10.988Z] Analyzing nodejs backend spec
[debug] [2022-09-16T15:29:10.989Z] Got response from /__/functions.yaml {"endpoints":{"createStripeAccount":{"platform":"gcfv1","labels":{},"callableTrigger":{},"entryPoint":"createStripeAccount"},"linkStripeAccount":{"platform":"gcfv1","labels":{},"callableTrigger":{},"entryPoint":"linkStripeAccount"},"loginStripeLink":{"platform":"gcfv1","labels":{},"callableTrigger":{},"entryPoint":"loginStripeLink"},"fetchStripeAccount":{"platform":"gcfv1","labels":{},"callableTrigger":{},"entryPoint":"fetchStripeAccount"},"useReferralCode":{"platform":"gcfv1","labels":{},"callableTrigger":{},"entryPoint":"useReferralCode"},"overWriteUserDocs":{"platform":"gcfv1","labels":{},"callableTrigger":{},"entryPoint":"overWriteUserDocs"},"calculateDiscount":{"platform":"gcfv1","labels":{},"callableTrigger":{},"entryPoint":"calculateDiscount"},"paymentSheet":{"platform":"gcfv1","labels":{},"callableTrigger":{},"entryPoint":"paymentSheet"},"stripeWebhooks":{"platform":"gcfv1","httpsTrigger":{},"entryPoint":"stripeWebhooks"},"validateOffersStatus":{"platform":"gcfv1","scheduleTrigger":{"schedule":"every 10 minutes"},"labels":{},"entryPoint":"validateOffersStatus"},"deleteExpiredTransactions":{"platform":"gcfv1","scheduleTrigger":{"schedule":"every 10 minutes"},"labels":{},"entryPoint":"deleteExpiredTransactions"}},"specVersion":"v1alpha1","requiredAPIs":[{"api":"cloudscheduler.googleapis.com","reason":"Needed for scheduled functions."}]}
[debug] [2022-09-16T15:29:10.991Z] Could not find functions.yaml. Must use http discovery
[debug] [2022-09-16T15:29:11.014Z] shutdown requested via /__/quitquitquit

[debug] [2022-09-16T15:29:11.319Z] Serving at port 9006

[debug] [2022-09-16T15:29:11.793Z] Got response from /__/functions.yaml {"endpoints":{"createStripeAccount":{"platform":"gcfv1","labels":{},"callableTrigger":{},"entryPoint":"createStripeAccount"},"linkStripeAccount":{"platform":"gcfv1","labels":{},"callableTrigger":{},"entryPoint":"linkStripeAccount"},"loginStripeLink":{"platform":"gcfv1","labels":{},"callableTrigger":{},"entryPoint":"loginStripeLink"},"fetchStripeAccount":{"platform":"gcfv1","labels":{},"callableTrigger":{},"entryPoint":"fetchStripeAccount"},"useReferralCode":{"platform":"gcfv1","labels":{},"callableTrigger":{},"entryPoint":"useReferralCode"},"overWriteUserDocs":{"platform":"gcfv1","labels":{},"callableTrigger":{},"entryPoint":"overWriteUserDocs"},"calculateDiscount":{"platform":"gcfv1","labels":{},"callableTrigger":{},"entryPoint":"calculateDiscount"},"paymentSheet":{"platform":"gcfv1","labels":{},"callableTrigger":{},"entryPoint":"paymentSheet"},"stripeWebhooks":{"platform":"gcfv1","httpsTrigger":{},"entryPoint":"stripeWebhooks"},"validateOffersStatus":{"platform":"gcfv1","scheduleTrigger":{"schedule":"every 10 minutes"},"labels":{},"entryPoint":"validateOffersStatus"},"deleteExpiredTransactions":{"platform":"gcfv1","scheduleTrigger":{"schedule":"every 10 minutes"},"labels":{},"entryPoint":"deleteExpiredTransactions"}},"specVersion":"v1alpha1","requiredAPIs":[{"api":"cloudscheduler.googleapis.com","reason":"Needed for scheduled functions."}]}
[debug] [2022-09-16T15:29:11.800Z] shutdown requested via /__/quitquitquit

[debug] [2022-09-16T15:30:27.822Z] Received signal SIGHUP 1
